<?xml version="1.0" encoding="UTF-8"?>
<!-- Generated by org.testng.reporters.JUnitReportReporter -->
<testsuite hostname="LAPTOP-R8TSMIJ8" failures="0" tests="1" name="sampleGit.Sampletest" time="15.110" errors="0" timestamp="26 Aug 2018 06:13:12 GMT" skipped="0">
  <testcase classname="sampleGit.Sampletest" name="login" time="15.110"/>
</testsuite> <!-- sampleGit.Sampletest -->
